<?xml version="1.0" encoding="UTF-8"?>
<testsuite name="CheckoutBookTest" tests="1" skipped="0" failures="0" errors="0" timestamp="2018-07-03T14:48:32" hostname="Diegos-MacBook-Pro.local" time="0.001">
  <properties/>
  <testcase name="validateBookOption" classname="CheckoutBookTest" time="0.001"/>
  <system-out><![CDATA[]]></system-out>
  <system-err><![CDATA[]]></system-err>
</testsuite>
